<?xml version="1.0" encoding="UTF-8" standalone="yes"?><!DOCTYPE report PUBLIC "-//JACOCO//DTD Report 1.1//EN" "report.dtd"><report name="LabExamCFC"><sessioninfo id="DESKTOP-STHVOJF-8ef472b2" start="1588779522137" dump="1588779523160"/><sessioninfo id="DESKTOP-STHVOJF-fe2c06ce" start="1588780286769" dump="1588780287794"/><sessioninfo id="DESKTOP-STHVOJF-633cee57" start="1588783247056" dump="1588783248036"/><sessioninfo id="DESKTOP-STHVOJF-bbf31cf2" start="1588785635013" dump="1588785635983"/><sessioninfo id="DESKTOP-STHVOJF-32910f61" start="1588786928298" dump="1588786929243"/><sessioninfo id="DESKTOP-STHVOJF-90c420cd" start="1588786936184" dump="1588786937091"/><sessioninfo id="DESKTOP-STHVOJF-dea30ca4" start="1588788301218" dump="1588788302330"/><sessioninfo id="DESKTOP-STHVOJF-fbcc1984" start="1588788307069" dump="1588788308055"/><sessioninfo id="DESKTOP-STHVOJF-1f392a52" start="1588788583578" dump="1588788584511"/><sessioninfo id="DESKTOP-STHVOJF-f5c17f1f" start="1588788590628" dump="1588788591605"/><sessioninfo id="DESKTOP-STHVOJF-847d1b4e" start="1588788808649" dump="1588788809983"/><sessioninfo id="DESKTOP-STHVOJF-ba011059" start="1588788810726" dump="1588788811828"/><sessioninfo id="DESKTOP-STHVOJF-6584ae41" start="1588788974157" dump="1588788975453"/><sessioninfo id="DESKTOP-STHVOJF-38b29517" start="1588788976427" dump="1588788977512"/><sessioninfo id="DESKTOP-STHVOJF-e3afb58c" start="1588789135727" dump="1588789137120"/><sessioninfo id="DESKTOP-STHVOJF-e3facc90" start="1588789137262" dump="1588789139003"/><sessioninfo id="DESKTOP-STHVOJF-c9899ac1" start="1588789276427" dump="1588789277995"/><package name="ie/gmit"><class name="ie/gmit/Employee" sourcefilename="Employee.java"><method name="&lt;init&gt;" desc="(Ljava/lang/String;Ljava/lang/String;Ljava/lang/String;Ljava/lang/String;Ljava/lang/String;I)V" line="23"><counter type="INSTRUCTION" missed="0" covered="100"/><counter type="BRANCH" missed="5" covered="17"/><counter type="LINE" missed="0" covered="20"/><counter type="COMPLEXITY" missed="5" covered="7"/><counter type="METHOD" missed="0" covered="1"/></method><method name="getTitle" desc="()Ljava/lang/String;" line="59"><counter type="INSTRUCTION" missed="0" covered="3"/><counter type="LINE" missed="0" covered="1"/><counter type="COMPLEXITY" missed="0" covered="1"/><counter type="METHOD" missed="0" covered="1"/></method><method name="getName" desc="()Ljava/lang/String;" line="63"><counter type="INSTRUCTION" missed="3" covered="0"/><counter type="LINE" missed="1" covered="0"/><counter type="COMPLEXITY" missed="1" covered="0"/><counter type="METHOD" missed="1" covered="0"/></method><method name="getPPS" desc="()Ljava/lang/String;" line="67"><counter type="INSTRUCTION" missed="3" covered="0"/><counter type="LINE" missed="1" covered="0"/><counter type="COMPLEXITY" missed="1" covered="0"/><counter type="METHOD" missed="1" covered="0"/></method><method name="getNumber" desc="()Ljava/lang/String;" line="71"><counter type="INSTRUCTION" missed="3" covered="0"/><counter type="LINE" missed="1" covered="0"/><counter type="COMPLEXITY" missed="1" covered="0"/><counter type="METHOD" missed="1" covered="0"/></method><method name="getEmploymentType" desc="()Ljava/lang/String;" line="75"><counter type="INSTRUCTION" missed="3" covered="0"/><counter type="LINE" missed="1" covered="0"/><counter type="COMPLEXITY" missed="1" covered="0"/><counter type="METHOD" missed="1" covered="0"/></method><method name="getAge" desc="()I" line="79"><counter type="INSTRUCTION" missed="3" covered="0"/><counter type="LINE" missed="1" covered="0"/><counter type="COMPLEXITY" missed="1" covered="0"/><counter type="METHOD" missed="1" covered="0"/></method><counter type="INSTRUCTION" missed="15" covered="103"/><counter type="BRANCH" missed="5" covered="17"/><counter type="LINE" missed="5" covered="21"/><counter type="COMPLEXITY" missed="10" covered="8"/><counter type="METHOD" missed="5" covered="2"/><counter type="CLASS" missed="0" covered="1"/></class><sourcefile name="Employee.java"><line nr="23" mi="0" ci="2" mb="0" cb="0"/><line nr="24" mi="0" ci="12" mb="2" cb="4"/><line nr="25" mi="0" ci="4" mb="0" cb="0"/><line nr="28" mi="0" ci="5" mb="0" cb="0"/><line nr="29" mi="0" ci="8" mb="1" cb="3"/><line nr="30" mi="0" ci="4" mb="0" cb="0"/><line nr="33" mi="0" ci="5" mb="0" cb="0"/><line nr="34" mi="0" ci="4" mb="0" cb="2"/><line nr="35" mi="0" ci="4" mb="0" cb="0"/><line nr="38" mi="0" ci="5" mb="0" cb="0"/><line nr="39" mi="0" ci="4" mb="0" cb="2"/><line nr="40" mi="0" ci="4" mb="0" cb="0"/><line nr="43" mi="0" ci="5" mb="0" cb="0"/><line nr="45" mi="0" ci="12" mb="2" cb="4"/><line nr="46" mi="0" ci="4" mb="0" cb="0"/><line nr="49" mi="0" ci="5" mb="0" cb="0"/><line nr="51" mi="0" ci="3" mb="0" cb="2"/><line nr="52" mi="0" ci="4" mb="0" cb="0"/><line nr="55" mi="0" ci="5" mb="0" cb="0"/><line nr="57" mi="0" ci="1" mb="0" cb="0"/><line nr="59" mi="0" ci="3" mb="0" cb="0"/><line nr="63" mi="3" ci="0" mb="0" cb="0"/><line nr="67" mi="3" ci="0" mb="0" cb="0"/><line nr="71" mi="3" ci="0" mb="0" cb="0"/><line nr="75" mi="3" ci="0" mb="0" cb="0"/><line nr="79" mi="3" ci="0" mb="0" cb="0"/><counter type="INSTRUCTION" missed="15" covered="103"/><counter type="BRANCH" missed="5" covered="17"/><counter type="LINE" missed="5" covered="21"/><counter type="COMPLEXITY" missed="10" covered="8"/><counter type="METHOD" missed="5" covered="2"/><counter type="CLASS" missed="0" covered="1"/></sourcefile><counter type="INSTRUCTION" missed="15" covered="103"/><counter type="BRANCH" missed="5" covered="17"/><counter type="LINE" missed="5" covered="21"/><counter type="COMPLEXITY" missed="10" covered="8"/><counter type="METHOD" missed="5" covered="2"/><counter type="CLASS" missed="0" covered="1"/></package><counter type="INSTRUCTION" missed="15" covered="103"/><counter type="BRANCH" missed="5" covered="17"/><counter type="LINE" missed="5" covered="21"/><counter type="COMPLEXITY" missed="10" covered="8"/><counter type="METHOD" missed="5" covered="2"/><counter type="CLASS" missed="0" covered="1"/></report>